[0.237s] Invoking command in '/home/arnab/ros2_ws/build/diffdrive_arduino': CMAKE_PREFIX_PATH=/home/arnab/ros2_ws/install/test_bot:/home/arnab/ros2_ws/install/ros2_control_demo_testing:/home/arnab/ros2_ws/install/pc_serial_communication:/home/arnab/ros2_ws/install/motor_serial_bridge:/opt/ros/humble:/home/arnab/ros2_ws/install/serial:/home/arnab/ros2_ws/install/rplidar_ros:/home/arnab/ros2_ws/install/ros2_control_demos:/home/arnab/ros2_ws/install/ros2_control_demo_example_9:/home/arnab/ros2_ws/install/ros2_control_demo_example_8:/home/arnab/ros2_ws/install/ros2_control_demo_example_7:/home/arnab/ros2_ws/install/ros2_control_demo_example_6:/home/arnab/ros2_ws/install/ros2_control_demo_example_15:/home/arnab/ros2_ws/install/ros2_control_demo_example_13:/home/arnab/ros2_ws/install/ros2_control_demo_example_5:/home/arnab/ros2_ws/install/ros2_control_demo_example_4:/home/arnab/ros2_ws/install/ros2_control_demo_example_3:/home/arnab/ros2_ws/install/ros2_control_demo_example_2:/home/arnab/ros2_ws/install/ros2_control_demo_example_14:/home/arnab/ros2_ws/install/ros2_control_demo_example_12:/home/arnab/ros2_ws/install/ros2_control_demo_example_11:/home/arnab/ros2_ws/install/ros2_control_demo_example_10:/home/arnab/ros2_ws/install/ros2_control_demo_example_1:/home/arnab/ros2_ws/install/ros2_control_demo_description:/home/arnab/ros2_ws/install/diffdrive_arduino:/home/arnab/ros2_ws/install/custom_motor_hw:/home/arnab/ros2_ws/install/articubot_one /usr/bin/cmake --build /home/arnab/ros2_ws/build/diffdrive_arduino -- -j16 -l16
[0.615s] [ 50%] [32mBuilding CXX object CMakeFiles/diffdrive_arduino.dir/hardware/diffbot_system.cpp.o[0m
[1.615s] [01m[K/home/arnab/ros2_ws/src/diffdrive_arduino/hardware/diffbot_system.cpp:[m[K In member function â€˜[01m[Kvirtual hardware_interface::return_type diffdrive_arduino::DiffDriveArduinoHardware::read(const rclcpp::Time&, const rclcpp::Duration&)[m[Kâ€™:
[1.615s] [01m[K/home/arnab/ros2_ws/src/diffdrive_arduino/hardware/diffbot_system.cpp:225:3:[m[K [01;31m[Kerror: [m[Kâ€˜[01m[Kleft_wheel_velocity_[m[Kâ€™ was not declared in this scope
[1.615s]   225 |   [01;31m[Kleft_wheel_velocity_[m[K = left_wheel_speed_cmd_;
[1.615s]       |   [01;31m[K^~~~~~~~~~~~~~~~~~~~[m[K
[1.620s] [01m[K/home/arnab/ros2_ws/src/diffdrive_arduino/hardware/diffbot_system.cpp:225:26:[m[K [01;31m[Kerror: [m[Kâ€˜[01m[Kleft_wheel_speed_cmd_[m[Kâ€™ was not declared in this scope
[1.620s]   225 |   left_wheel_velocity_ = [01;31m[Kleft_wheel_speed_cmd_[m[K;
[1.620s]       |                          [01;31m[K^~~~~~~~~~~~~~~~~~~~~[m[K
[1.625s] [01m[K/home/arnab/ros2_ws/src/diffdrive_arduino/hardware/diffbot_system.cpp:226:3:[m[K [01;31m[Kerror: [m[Kâ€˜[01m[Kright_wheel_velocity_[m[Kâ€™ was not declared in this scope
[1.625s]   226 |   [01;31m[Kright_wheel_velocity_[m[K = right_wheel_speed_cmd_;
[1.625s]       |   [01;31m[K^~~~~~~~~~~~~~~~~~~~~[m[K
[1.630s] [01m[K/home/arnab/ros2_ws/src/diffdrive_arduino/hardware/diffbot_system.cpp:226:27:[m[K [01;31m[Kerror: [m[Kâ€˜[01m[Kright_wheel_speed_cmd_[m[Kâ€™ was not declared in this scope
[1.631s]   226 |   right_wheel_velocity_ = [01;31m[Kright_wheel_speed_cmd_[m[K;
[1.631s]       |                           [01;31m[K^~~~~~~~~~~~~~~~~~~~~~[m[K
[1.905s] gmake[2]: *** [CMakeFiles/diffdrive_arduino.dir/build.make:76: CMakeFiles/diffdrive_arduino.dir/hardware/diffbot_system.cpp.o] Error 1
[1.905s] gmake[1]: *** [CMakeFiles/Makefile2:137: CMakeFiles/diffdrive_arduino.dir/all] Error 2
[1.905s] gmake: *** [Makefile:146: all] Error 2
[1.907s] Invoked command in '/home/arnab/ros2_ws/build/diffdrive_arduino' returned '2': CMAKE_PREFIX_PATH=/home/arnab/ros2_ws/install/test_bot:/home/arnab/ros2_ws/install/ros2_control_demo_testing:/home/arnab/ros2_ws/install/pc_serial_communication:/home/arnab/ros2_ws/install/motor_serial_bridge:/opt/ros/humble:/home/arnab/ros2_ws/install/serial:/home/arnab/ros2_ws/install/rplidar_ros:/home/arnab/ros2_ws/install/ros2_control_demos:/home/arnab/ros2_ws/install/ros2_control_demo_example_9:/home/arnab/ros2_ws/install/ros2_control_demo_example_8:/home/arnab/ros2_ws/install/ros2_control_demo_example_7:/home/arnab/ros2_ws/install/ros2_control_demo_example_6:/home/arnab/ros2_ws/install/ros2_control_demo_example_15:/home/arnab/ros2_ws/install/ros2_control_demo_example_13:/home/arnab/ros2_ws/install/ros2_control_demo_example_5:/home/arnab/ros2_ws/install/ros2_control_demo_example_4:/home/arnab/ros2_ws/install/ros2_control_demo_example_3:/home/arnab/ros2_ws/install/ros2_control_demo_example_2:/home/arnab/ros2_ws/install/ros2_control_demo_example_14:/home/arnab/ros2_ws/install/ros2_control_demo_example_12:/home/arnab/ros2_ws/install/ros2_control_demo_example_11:/home/arnab/ros2_ws/install/ros2_control_demo_example_10:/home/arnab/ros2_ws/install/ros2_control_demo_example_1:/home/arnab/ros2_ws/install/ros2_control_demo_description:/home/arnab/ros2_ws/install/diffdrive_arduino:/home/arnab/ros2_ws/install/custom_motor_hw:/home/arnab/ros2_ws/install/articubot_one /usr/bin/cmake --build /home/arnab/ros2_ws/build/diffdrive_arduino -- -j16 -l16
