[01m[K/home/arnab/ros2_ws/src/diffdrive_arduino/hardware/diffbot_system.cpp:[m[K In member function â€˜[01m[Kvirtual hardware_interface::CallbackReturn diffdrive_arduino::DiffDriveArduinoHardware::on_init(const hardware_interface::HardwareInfo&)[m[Kâ€™:
[01m[K/home/arnab/ros2_ws/src/diffdrive_arduino/hardware/diffbot_system.cpp:28:24:[m[K [01;31m[Kerror: [m[Kâ€˜[01m[Kclass diffdrive_arduino::DiffDriveArduinoHardware[m[Kâ€™ has no member named â€˜[01m[Kget_logger[m[Kâ€™
   28 |     RCLCPP_FATAL(this->[01;31m[Kget_logger[m[K(), "Missing required parameter: %s", e.what());
      |                        [01;31m[K^~~~~~~~~~[m[K
[01m[K/home/arnab/ros2_ws/src/diffdrive_arduino/hardware/diffbot_system.cpp:28:5:[m[K [01;31m[Kerror: [m[Kâ€˜[01m[KRCLCPP_FATAL[m[Kâ€™ was not declared in this scope; did you mean â€˜[01m[KRCLCPP_LOCAL[m[Kâ€™?
   28 |     [01;31m[KRCLCPP_FATAL[m[K(this->get_logger(), "Missing required parameter: %s", e.what());
      |     [01;31m[K^~~~~~~~~~~~[m[K
      |     [32m[KRCLCPP_LOCAL[m[K
[01m[K/home/arnab/ros2_ws/src/diffdrive_arduino/hardware/diffbot_system.cpp:[m[K In member function â€˜[01m[Kvirtual hardware_interface::return_type diffdrive_arduino::DiffDriveArduinoHardware::write(const rclcpp::Time&, const rclcpp::Duration&)[m[Kâ€™:
[01m[K/home/arnab/ros2_ws/src/diffdrive_arduino/hardware/diffbot_system.cpp:85:15:[m[K [01;31m[Kerror: [m[Kâ€˜[01m[Kclass ArduinoComms[m[Kâ€™ has no member named â€˜[01m[Kwrite[m[Kâ€™
   85 |   if (!comms_.[01;31m[Kwrite[m[K(command.str()))  // Replacing send_command() with write()
      |               [01;31m[K^~~~~[m[K
[01m[K/home/arnab/ros2_ws/src/diffdrive_arduino/hardware/diffbot_system.cpp:87:24:[m[K [01;31m[Kerror: [m[Kâ€˜[01m[Kclass diffdrive_arduino::DiffDriveArduinoHardware[m[Kâ€™ has no member named â€˜[01m[Kget_logger[m[Kâ€™
   87 |     RCLCPP_ERROR(this->[01;31m[Kget_logger[m[K(), "Failed to send command to Arduino.");
      |                        [01;31m[K^~~~~~~~~~[m[K
[01m[K/home/arnab/ros2_ws/src/diffdrive_arduino/hardware/diffbot_system.cpp:87:5:[m[K [01;31m[Kerror: [m[Kâ€˜[01m[KRCLCPP_ERROR[m[Kâ€™ was not declared in this scope; did you mean â€˜[01m[KRCLCPP_EXPORT[m[Kâ€™?
   87 |     [01;31m[KRCLCPP_ERROR[m[K(this->get_logger(), "Failed to send command to Arduino.");
      |     [01;31m[K^~~~~~~~~~~~[m[K
      |     [32m[KRCLCPP_EXPORT[m[K
gmake[2]: *** [CMakeFiles/diffdrive_arduino.dir/build.make:76: CMakeFiles/diffdrive_arduino.dir/hardware/diffbot_system.cpp.o] Error 1
gmake[1]: *** [CMakeFiles/Makefile2:137: CMakeFiles/diffdrive_arduino.dir/all] Error 2
gmake: *** [Makefile:146: all] Error 2
