[0.237s] Invoking command in '/home/arnab/ros2_ws/build/diffdrive_arduino': CMAKE_PREFIX_PATH=/home/arnab/ros2_ws/install/test_bot:/home/arnab/ros2_ws/install/ros2_control_demo_testing:/home/arnab/ros2_ws/install/pc_serial_communication:/home/arnab/ros2_ws/install/motor_serial_bridge:/opt/ros/humble:/home/arnab/ros2_ws/install/serial:/home/arnab/ros2_ws/install/rplidar_ros:/home/arnab/ros2_ws/install/ros2_control_demos:/home/arnab/ros2_ws/install/ros2_control_demo_example_9:/home/arnab/ros2_ws/install/ros2_control_demo_example_8:/home/arnab/ros2_ws/install/ros2_control_demo_example_7:/home/arnab/ros2_ws/install/ros2_control_demo_example_6:/home/arnab/ros2_ws/install/ros2_control_demo_example_15:/home/arnab/ros2_ws/install/ros2_control_demo_example_13:/home/arnab/ros2_ws/install/ros2_control_demo_example_5:/home/arnab/ros2_ws/install/ros2_control_demo_example_4:/home/arnab/ros2_ws/install/ros2_control_demo_example_3:/home/arnab/ros2_ws/install/ros2_control_demo_example_2:/home/arnab/ros2_ws/install/ros2_control_demo_example_14:/home/arnab/ros2_ws/install/ros2_control_demo_example_12:/home/arnab/ros2_ws/install/ros2_control_demo_example_11:/home/arnab/ros2_ws/install/ros2_control_demo_example_10:/home/arnab/ros2_ws/install/ros2_control_demo_example_1:/home/arnab/ros2_ws/install/ros2_control_demo_description:/home/arnab/ros2_ws/install/diffdrive_arduino:/home/arnab/ros2_ws/install/custom_motor_hw:/home/arnab/ros2_ws/install/articubot_one /usr/bin/cmake --build /home/arnab/ros2_ws/build/diffdrive_arduino -- -j16 -l16
[0.608s] [35m[1mConsolidate compiler generated dependencies of target diffdrive_arduino[0m
[0.608s] [ 50%] [32mBuilding CXX object CMakeFiles/diffdrive_arduino.dir/hardware/diffbot_system.cpp.o[0m
[0.697s] [01m[K/home/arnab/ros2_ws/src/diffdrive_arduino/hardware/diffbot_system.cpp:[m[K In member function â€˜[01m[Kvirtual hardware_interface::CallbackReturn diffdrive_arduino::DiffDriveArduinoHardware::on_init(const hardware_interface::HardwareInfo&)[m[Kâ€™:
[0.698s] [01m[K/home/arnab/ros2_ws/src/diffdrive_arduino/hardware/diffbot_system.cpp:28:24:[m[K [01;31m[Kerror: [m[Kâ€˜[01m[Kclass diffdrive_arduino::DiffDriveArduinoHardware[m[Kâ€™ has no member named â€˜[01m[Kget_logger[m[Kâ€™
[0.698s]    28 |     RCLCPP_FATAL(this->[01;31m[Kget_logger[m[K(), "Missing required parameter: %s", e.what());
[0.698s]       |                        [01;31m[K^~~~~~~~~~[m[K
[0.701s] [01m[K/home/arnab/ros2_ws/src/diffdrive_arduino/hardware/diffbot_system.cpp:28:5:[m[K [01;31m[Kerror: [m[Kâ€˜[01m[KRCLCPP_FATAL[m[Kâ€™ was not declared in this scope; did you mean â€˜[01m[KRCLCPP_LOCAL[m[Kâ€™?
[0.701s]    28 |     [01;31m[KRCLCPP_FATAL[m[K(this->get_logger(), "Missing required parameter: %s", e.what());
[0.701s]       |     [01;31m[K^~~~~~~~~~~~[m[K
[0.701s]       |     [32m[KRCLCPP_LOCAL[m[K
[0.705s] [01m[K/home/arnab/ros2_ws/src/diffdrive_arduino/hardware/diffbot_system.cpp:[m[K In member function â€˜[01m[Kvirtual hardware_interface::return_type diffdrive_arduino::DiffDriveArduinoHardware::write(const rclcpp::Time&, const rclcpp::Duration&)[m[Kâ€™:
[0.705s] [01m[K/home/arnab/ros2_ws/src/diffdrive_arduino/hardware/diffbot_system.cpp:85:15:[m[K [01;31m[Kerror: [m[Kâ€˜[01m[Kclass ArduinoComms[m[Kâ€™ has no member named â€˜[01m[Kwrite[m[Kâ€™
[0.705s]    85 |   if (!comms_.[01;31m[Kwrite[m[K(command.str()))  // Replacing send_command() with write()
[0.705s]       |               [01;31m[K^~~~~[m[K
[0.705s] [01m[K/home/arnab/ros2_ws/src/diffdrive_arduino/hardware/diffbot_system.cpp:87:24:[m[K [01;31m[Kerror: [m[Kâ€˜[01m[Kclass diffdrive_arduino::DiffDriveArduinoHardware[m[Kâ€™ has no member named â€˜[01m[Kget_logger[m[Kâ€™
[0.705s]    87 |     RCLCPP_ERROR(this->[01;31m[Kget_logger[m[K(), "Failed to send command to Arduino.");
[0.705s]       |                        [01;31m[K^~~~~~~~~~[m[K
[0.708s] [01m[K/home/arnab/ros2_ws/src/diffdrive_arduino/hardware/diffbot_system.cpp:87:5:[m[K [01;31m[Kerror: [m[Kâ€˜[01m[KRCLCPP_ERROR[m[Kâ€™ was not declared in this scope; did you mean â€˜[01m[KRCLCPP_EXPORT[m[Kâ€™?
[0.708s]    87 |     [01;31m[KRCLCPP_ERROR[m[K(this->get_logger(), "Failed to send command to Arduino.");
[0.708s]       |     [01;31m[K^~~~~~~~~~~~[m[K
[0.708s]       |     [32m[KRCLCPP_EXPORT[m[K
[0.839s] gmake[2]: *** [CMakeFiles/diffdrive_arduino.dir/build.make:76: CMakeFiles/diffdrive_arduino.dir/hardware/diffbot_system.cpp.o] Error 1
[0.839s] gmake[1]: *** [CMakeFiles/Makefile2:137: CMakeFiles/diffdrive_arduino.dir/all] Error 2
[0.839s] gmake: *** [Makefile:146: all] Error 2
[0.841s] Invoked command in '/home/arnab/ros2_ws/build/diffdrive_arduino' returned '2': CMAKE_PREFIX_PATH=/home/arnab/ros2_ws/install/test_bot:/home/arnab/ros2_ws/install/ros2_control_demo_testing:/home/arnab/ros2_ws/install/pc_serial_communication:/home/arnab/ros2_ws/install/motor_serial_bridge:/opt/ros/humble:/home/arnab/ros2_ws/install/serial:/home/arnab/ros2_ws/install/rplidar_ros:/home/arnab/ros2_ws/install/ros2_control_demos:/home/arnab/ros2_ws/install/ros2_control_demo_example_9:/home/arnab/ros2_ws/install/ros2_control_demo_example_8:/home/arnab/ros2_ws/install/ros2_control_demo_example_7:/home/arnab/ros2_ws/install/ros2_control_demo_example_6:/home/arnab/ros2_ws/install/ros2_control_demo_example_15:/home/arnab/ros2_ws/install/ros2_control_demo_example_13:/home/arnab/ros2_ws/install/ros2_control_demo_example_5:/home/arnab/ros2_ws/install/ros2_control_demo_example_4:/home/arnab/ros2_ws/install/ros2_control_demo_example_3:/home/arnab/ros2_ws/install/ros2_control_demo_example_2:/home/arnab/ros2_ws/install/ros2_control_demo_example_14:/home/arnab/ros2_ws/install/ros2_control_demo_example_12:/home/arnab/ros2_ws/install/ros2_control_demo_example_11:/home/arnab/ros2_ws/install/ros2_control_demo_example_10:/home/arnab/ros2_ws/install/ros2_control_demo_example_1:/home/arnab/ros2_ws/install/ros2_control_demo_description:/home/arnab/ros2_ws/install/diffdrive_arduino:/home/arnab/ros2_ws/install/custom_motor_hw:/home/arnab/ros2_ws/install/articubot_one /usr/bin/cmake --build /home/arnab/ros2_ws/build/diffdrive_arduino -- -j16 -l16
