<?xml version="1.0" encoding="UTF-8"?>
<Site BuildName="(empty)"
	BuildStamp="20250307-0626-Experimental"
	Name="dev"
	Generator="ctest-3.22.1"
	CompilerName="/usr/bin/g++"
	CompilerVersion="11.4.0"
	OSName="Linux"
	Hostname="dev"
	OSRelease="6.8.0-52-generic"
	OSVersion="#53~22.04.1-Ubuntu SMP PREEMPT_DYNAMIC Wed Jan 15 19:18:46 UTC 2"
	OSPlatform="x86_64"
	Is64Bits="1"
	VendorString="AuthenticAMD"
	VendorID="Advanced Micro Devices"
	FamilyID="25"
	ModelID="97"
	ProcessorCacheSize="1024"
	NumberOfLogicalCPU="16"
	NumberOfPhysicalCPU="8"
	TotalVirtualMemory="0"
	TotalPhysicalMemory="15168"
	LogicalProcessorsPerPhysical="2"
	ProcessorClockFrequency="4278.08"
	>
	<Testing>
		<StartDateTime>Mar 07 12:26 +06</StartDateTime>
		<StartTestTime>1741328807</StartTestTime>
		<TestList/>
		<EndDateTime>Mar 07 12:26 +06</EndDateTime>
		<EndTestTime>1741328807</EndTestTime>
		<ElapsedMinutes>0</ElapsedMinutes>
	</Testing>
</Site>
