<?xml version="1.0" encoding="UTF-8"?>
<Site BuildName="(empty)"
	BuildStamp="20250318-0542-Experimental"
	Name="dev"
	Generator="ctest-3.22.1"
	CompilerName="/usr/bin/g++"
	CompilerVersion="11.4.0"
	OSName="Linux"
	Hostname="dev"
	OSRelease="6.8.0-52-generic"
	OSVersion="#53~22.04.1-Ubuntu SMP PREEMPT_DYNAMIC Wed Jan 15 19:18:46 UTC 2"
	OSPlatform="x86_64"
	Is64Bits="1"
	VendorString="AuthenticAMD"
	VendorID="Advanced Micro Devices"
	FamilyID="25"
	ModelID="97"
	ProcessorCacheSize="1024"
	NumberOfLogicalCPU="16"
	NumberOfPhysicalCPU="8"
	TotalVirtualMemory="0"
	TotalPhysicalMemory="15168"
	LogicalProcessorsPerPhysical="2"
	ProcessorClockFrequency="5305.32"
	>
	<Testing>
		<StartDateTime>Mar 19 03:16 +06</StartDateTime>
		<StartTestTime>1742332588</StartTestTime>
		<TestList/>
		<EndDateTime>Mar 19 03:16 +06</EndDateTime>
		<EndTestTime>1742332588</EndTestTime>
		<ElapsedMinutes>0</ElapsedMinutes>
	</Testing>
</Site>
